<?xml version="1.0" encoding="UTF-8"?>
<!-- Generated by org.testng.reporters.JUnitReportReporter -->
<testsuite hostname="L125606" failures="0" tests="1" name="org.chase.sharedService.tests.petStore.petControllerTest.PetControllerPositiveTest" time="0.030" errors="0" timestamp="2024-01-23T20:19:04 EST" skipped="0">
  <testcase classname="org.chase.sharedService.tests.petStore.petControllerTest.PetControllerPositiveTest" name="temp2" time="0.030"/>
</testsuite> <!-- org.chase.sharedService.tests.petStore.petControllerTest.PetControllerPositiveTest -->
