<?xml version="1.0" encoding="UTF-8"?>
<!-- Generated by org.testng.reporters.JUnitReportReporter -->
<testsuite hostname="L125606" failures="0" tests="1" name="com.chase.sharedServices.tests.petStore.petControllerTest.PetControllerPositiveTest" time="3.938" errors="0" timestamp="2023-12-21T20:03:51 EST" skipped="0">
  <testcase classname="com.chase.sharedServices.tests.petStore.petControllerTest.PetControllerPositiveTest" name="addPet_status_expect_200" time="3.938"/>
</testsuite> <!-- com.chase.sharedServices.tests.petStore.petControllerTest.PetControllerPositiveTest -->
