<?xml version="1.0" encoding="UTF-8"?>
<!-- Generated by org.testng.reporters.JUnitReportReporter -->
<testsuite hostname="L125606" failures="0" tests="1" name="com.chase.sharedServices.tests.petStore.petControllerTest.PetControllerNegativeTest" time="0.008" errors="0" timestamp="2023-12-19T11:24:47 EST" skipped="0">
  <testcase classname="com.chase.sharedServices.tests.petStore.petControllerTest.PetControllerNegativeTest" name="temp" time="0.008"/>
</testsuite> <!-- com.chase.sharedServices.tests.petStore.petControllerTest.PetControllerNegativeTest -->
