<?xml version="1.0" encoding="UTF-8"?>
<!-- Generated by org.testng.reporters.JUnitReportReporter -->
<testsuite hostname="L125606" failures="0" tests="1" name="org.chase.petStoreService.test.PetControllerPositiveTest" time="2.395" errors="0" timestamp="2024-02-06T20:21:01 EST" skipped="0">
  <testcase classname="org.chase.petStoreService.test.PetControllerPositiveTest" name="addPet_requiredFieldsOnly_expect_200" time="2.395"/>
</testsuite> <!-- org.chase.petStoreService.test.PetControllerPositiveTest -->
