<?xml version="1.0" encoding="UTF-8"?>
<!-- Generated by org.testng.reporters.JUnitReportReporter -->
<testsuite hostname="L125606" failures="0" tests="4" name="org.chase.petStoreService.test.petStoreController.PetControllerPositiveTest" time="3.424" errors="0" timestamp="2024-02-19T20:20:16 EST" skipped="0">
  <testcase classname="org.chase.petStoreService.test.petStoreController.PetControllerPositiveTest" name="getPetByPetId" time="2.884"/>
  <testcase classname="org.chase.petStoreService.test.petStoreController.PetControllerPositiveTest" name="getPetByPetId" time="0.168"/>
  <testcase classname="org.chase.petStoreService.test.petStoreController.PetControllerPositiveTest" name="getPetByPetId" time="0.170"/>
  <testcase classname="org.chase.petStoreService.test.petStoreController.PetControllerPositiveTest" name="getPetByPetId" time="0.202"/>
</testsuite> <!-- org.chase.petStoreService.test.petStoreController.PetControllerPositiveTest -->
